{"contracts/MultiSig.sol":{"l":{"34":0,"35":0,"39":4,"40":0,"44":0,"45":0,"49":0,"50":0,"54":0,"55":0,"59":0,"60":0,"64":0,"65":0,"69":0,"70":0,"74":7,"78":4,"83":0,"84":0,"89":4,"90":9,"92":9,"93":8,"94":7,"96":2,"97":2,"98":2,"104":0,"105":0,"110":0,"111":0,"118":0,"119":0,"124":0,"125":0,"126":0,"128":0,"129":0,"134":0,"135":0,"136":0,"138":0,"143":0,"144":0,"145":0,"146":0,"147":0,"148":0,"150":0,"151":0,"158":0,"159":0,"160":0,"161":0,"162":0,"163":0,"165":0,"183":1,"190":0,"191":0,"192":0,"193":0,"199":0,"200":0,"202":0,"204":0,"211":0,"212":0,"213":0,"215":0,"216":0,"217":0,"218":0,"221":0,"223":0,"224":0,"234":0,"237":0,"238":0,"240":0,"241":0,"242":0,"244":0,"245":0,"247":0,"248":0,"251":0,"253":0,"254":0},"path":"/Users/killiangodfrey/Documents/Dev/projects/multisigwallet/hardhat/contracts/MultiSig.sol","s":{"1":0,"2":4,"3":0,"4":0,"5":0,"6":0,"7":0,"8":0,"9":7,"10":4,"11":9,"12":9,"13":8,"14":0,"15":0,"16":0,"17":0,"18":0,"19":0,"20":0,"21":0,"22":0,"23":0,"24":0,"25":0,"26":0,"27":0,"28":0,"29":0,"30":0,"31":0,"32":0,"33":1,"34":0,"35":0,"36":0,"37":0,"38":0,"39":0,"40":0,"41":0,"42":0,"43":0,"44":0,"45":0,"46":0,"47":0,"48":0,"49":0,"50":0,"51":0,"52":0},"b":{"1":[0,0],"2":[0,4],"3":[0,0],"4":[0,0],"5":[0,0],"6":[0,0],"7":[0,0],"8":[0,0],"9":[4,3],"10":[0,0],"11":[8,1],"12":[7,1],"13":[0,1],"14":[0,0],"15":[0,1],"16":[0,0],"17":[0,0],"18":[0,1],"19":[0,0],"20":[0,0],"21":[0,1],"22":[0,0],"23":[0,0],"24":[0,0],"25":[0,0],"26":[0,0],"27":[0,0],"28":[0,0],"29":[0,0],"30":[0,0],"31":[0,0],"32":[0,0],"33":[0,0],"34":[0,0],"35":[0,0]},"f":{"1":0,"2":4,"3":0,"4":0,"5":0,"6":0,"7":0,"8":0,"9":7,"10":4,"11":0,"12":0,"13":0,"14":0,"15":0,"16":0,"17":1,"18":0,"19":0,"20":0,"21":0},"fnMap":{"1":{"name":"onlyWallet","line":33,"loc":{"start":{"line":33,"column":1},"end":{"line":36,"column":1}}},"2":{"name":"ownerExists","line":38,"loc":{"start":{"line":38,"column":1},"end":{"line":41,"column":1}}},"3":{"name":"txnExists","line":43,"loc":{"start":{"line":43,"column":1},"end":{"line":46,"column":1}}},"4":{"name":"txnNotExists","line":48,"loc":{"start":{"line":48,"column":1},"end":{"line":51,"column":1}}},"5":{"name":"confirmed","line":53,"loc":{"start":{"line":53,"column":1},"end":{"line":56,"column":1}}},"6":{"name":"notConfirmed","line":58,"loc":{"start":{"line":58,"column":1},"end":{"line":61,"column":1}}},"7":{"name":"notExecuted","line":63,"loc":{"start":{"line":63,"column":1},"end":{"line":66,"column":1}}},"8":{"name":"notNull","line":68,"loc":{"start":{"line":68,"column":1},"end":{"line":71,"column":1}}},"9":{"name":"validRequirement","line":73,"loc":{"start":{"line":73,"column":1},"end":{"line":79,"column":1}}},"10":{"name":"constructor","line":88,"loc":{"start":{"line":88,"column":1},"end":{"line":99,"column":1}}},"11":{"name":"submitTxn","line":102,"loc":{"start":{"line":102,"column":1},"end":{"line":106,"column":1}}},"12":{"name":"addTxn","line":109,"loc":{"start":{"line":109,"column":1},"end":{"line":120,"column":1}}},"13":{"name":"confirmTxn","line":123,"loc":{"start":{"line":123,"column":1},"end":{"line":130,"column":1}}},"14":{"name":"revokeConfirmation","line":133,"loc":{"start":{"line":133,"column":1},"end":{"line":139,"column":1}}},"15":{"name":"executeTxn","line":142,"loc":{"start":{"line":142,"column":1},"end":{"line":154,"column":1}}},"16":{"name":"isConfirmed","line":157,"loc":{"start":{"line":157,"column":1},"end":{"line":166,"column":1}}},"17":{"name":"getOwners","line":182,"loc":{"start":{"line":182,"column":1},"end":{"line":184,"column":1}}},"18":{"name":"getConfirmationCount","line":189,"loc":{"start":{"line":189,"column":1},"end":{"line":194,"column":1}}},"19":{"name":"getTransactionCount","line":198,"loc":{"start":{"line":198,"column":1},"end":{"line":205,"column":1}}},"20":{"name":"getConfirmations","line":210,"loc":{"start":{"line":210,"column":1},"end":{"line":225,"column":1}}},"21":{"name":"getTransactionIds","line":233,"loc":{"start":{"line":233,"column":1},"end":{"line":255,"column":1}}}},"statementMap":{"1":{"start":{"line":34,"column":2},"end":{"line":34,"column":55}},"2":{"start":{"line":39,"column":2},"end":{"line":39,"column":41}},"3":{"start":{"line":44,"column":2},"end":{"line":44,"column":49}},"4":{"start":{"line":49,"column":2},"end":{"line":49,"column":50}},"5":{"start":{"line":54,"column":2},"end":{"line":54,"column":60}},"6":{"start":{"line":59,"column":2},"end":{"line":59,"column":65}},"7":{"start":{"line":64,"column":2},"end":{"line":64,"column":56}},"8":{"start":{"line":69,"column":2},"end":{"line":69,"column":51}},"9":{"start":{"line":74,"column":2},"end":{"line":74,"column":2079}},"10":{"start":{"line":89,"column":2},"end":{"line":89,"column":2454}},"11":{"start":{"line":90,"column":3},"end":{"line":90,"column":29}},"12":{"start":{"line":92,"column":3},"end":{"line":92,"column":50}},"13":{"start":{"line":93,"column":3},"end":{"line":93,"column":49}},"14":{"start":{"line":105,"column":2},"end":{"line":105,"column":19}},"15":{"start":{"line":119,"column":2},"end":{"line":119,"column":57}},"16":{"start":{"line":124,"column":2},"end":{"line":124,"column":40}},"17":{"start":{"line":128,"column":2},"end":{"line":128,"column":39}},"18":{"start":{"line":129,"column":2},"end":{"line":129,"column":19}},"19":{"start":{"line":134,"column":2},"end":{"line":134,"column":40}},"20":{"start":{"line":138,"column":2},"end":{"line":138,"column":37}},"21":{"start":{"line":143,"column":2},"end":{"line":143,"column":4290}},"22":{"start":{"line":144,"column":3},"end":{"line":144,"column":41}},"23":{"start":{"line":145,"column":3},"end":{"line":145,"column":61}},"24":{"start":{"line":146,"column":3},"end":{"line":146,"column":4427}},"25":{"start":{"line":148,"column":4},"end":{"line":148,"column":26}},"26":{"start":{"line":151,"column":4},"end":{"line":151,"column":33}},"27":{"start":{"line":158,"column":2},"end":{"line":158,"column":16}},"28":{"start":{"line":159,"column":2},"end":{"line":159,"column":4746}},"29":{"start":{"line":160,"column":3},"end":{"line":160,"column":4804}},"30":{"start":{"line":162,"column":3},"end":{"line":162,"column":4862}},"31":{"start":{"line":163,"column":4},"end":{"line":163,"column":15}},"32":{"start":{"line":165,"column":2},"end":{"line":165,"column":14}},"33":{"start":{"line":183,"column":2},"end":{"line":183,"column":15}},"34":{"start":{"line":191,"column":2},"end":{"line":191,"column":5621}},"35":{"start":{"line":192,"column":3},"end":{"line":192,"column":5665}},"36":{"start":{"line":199,"column":2},"end":{"line":199,"column":5890}},"37":{"start":{"line":200,"column":3},"end":{"line":200,"column":5943}},"38":{"start":{"line":204,"column":2},"end":{"line":204,"column":14}},"39":{"start":{"line":211,"column":2},"end":{"line":211,"column":67}},"40":{"start":{"line":212,"column":2},"end":{"line":212,"column":16}},"41":{"start":{"line":213,"column":2},"end":{"line":213,"column":8}},"42":{"start":{"line":215,"column":2},"end":{"line":215,"column":6500}},"43":{"start":{"line":216,"column":3},"end":{"line":216,"column":6539}},"44":{"start":{"line":223,"column":2},"end":{"line":223,"column":6792}},"45":{"start":{"line":234,"column":2},"end":{"line":234,"column":36}},"46":{"start":{"line":237,"column":2},"end":{"line":237,"column":7341}},"47":{"start":{"line":240,"column":2},"end":{"line":240,"column":50}},"48":{"start":{"line":241,"column":2},"end":{"line":241,"column":16}},"49":{"start":{"line":242,"column":2},"end":{"line":242,"column":8}},"50":{"start":{"line":244,"column":2},"end":{"line":244,"column":7508}},"51":{"start":{"line":245,"column":3},"end":{"line":245,"column":7542}},"52":{"start":{"line":253,"column":2},"end":{"line":253,"column":7766}}},"branchMap":{"1":{"line":34,"type":"if","locations":[{"start":{"line":34,"column":2},"end":{"line":34,"column":2}},{"start":{"line":34,"column":2},"end":{"line":34,"column":2}}]},"2":{"line":39,"type":"if","locations":[{"start":{"line":39,"column":2},"end":{"line":39,"column":2}},{"start":{"line":39,"column":2},"end":{"line":39,"column":2}}]},"3":{"line":44,"type":"if","locations":[{"start":{"line":44,"column":2},"end":{"line":44,"column":2}},{"start":{"line":44,"column":2},"end":{"line":44,"column":2}}]},"4":{"line":49,"type":"if","locations":[{"start":{"line":49,"column":2},"end":{"line":49,"column":2}},{"start":{"line":49,"column":2},"end":{"line":49,"column":2}}]},"5":{"line":54,"type":"if","locations":[{"start":{"line":54,"column":2},"end":{"line":54,"column":2}},{"start":{"line":54,"column":2},"end":{"line":54,"column":2}}]},"6":{"line":59,"type":"if","locations":[{"start":{"line":59,"column":2},"end":{"line":59,"column":2}},{"start":{"line":59,"column":2},"end":{"line":59,"column":2}}]},"7":{"line":64,"type":"if","locations":[{"start":{"line":64,"column":2},"end":{"line":64,"column":2}},{"start":{"line":64,"column":2},"end":{"line":64,"column":2}}]},"8":{"line":69,"type":"if","locations":[{"start":{"line":69,"column":2},"end":{"line":69,"column":2}},{"start":{"line":69,"column":2},"end":{"line":69,"column":2}}]},"9":{"line":74,"type":"if","locations":[{"start":{"line":74,"column":2},"end":{"line":74,"column":2}},{"start":{"line":74,"column":2},"end":{"line":74,"column":2}}]},"10":{"line":83,"type":"if","locations":[{"start":{"line":83,"column":2},"end":{"line":83,"column":2}},{"start":{"line":83,"column":2},"end":{"line":83,"column":2}}]},"11":{"line":92,"type":"if","locations":[{"start":{"line":92,"column":3},"end":{"line":92,"column":3}},{"start":{"line":92,"column":3},"end":{"line":92,"column":3}}]},"12":{"line":93,"type":"if","locations":[{"start":{"line":93,"column":3},"end":{"line":93,"column":3}},{"start":{"line":93,"column":3},"end":{"line":93,"column":3}}]},"13":{"line":102,"type":"if","locations":[{"start":{"line":102,"column":73},"end":{"line":102,"column":73}},{"start":{"line":102,"column":73},"end":{"line":102,"column":73}}]},"14":{"line":109,"type":"if","locations":[{"start":{"line":109,"column":72},"end":{"line":109,"column":72}},{"start":{"line":109,"column":72},"end":{"line":109,"column":72}}]},"15":{"line":123,"type":"if","locations":[{"start":{"line":123,"column":41},"end":{"line":123,"column":41}},{"start":{"line":123,"column":41},"end":{"line":123,"column":41}}]},"16":{"line":123,"type":"if","locations":[{"start":{"line":123,"column":65},"end":{"line":123,"column":65}},{"start":{"line":123,"column":65},"end":{"line":123,"column":65}}]},"17":{"line":123,"type":"if","locations":[{"start":{"line":123,"column":83},"end":{"line":123,"column":83}},{"start":{"line":123,"column":83},"end":{"line":123,"column":83}}]},"18":{"line":133,"type":"if","locations":[{"start":{"line":133,"column":49},"end":{"line":133,"column":49}},{"start":{"line":133,"column":49},"end":{"line":133,"column":49}}]},"19":{"line":133,"type":"if","locations":[{"start":{"line":133,"column":73},"end":{"line":133,"column":73}},{"start":{"line":133,"column":73},"end":{"line":133,"column":73}}]},"20":{"line":133,"type":"if","locations":[{"start":{"line":133,"column":91},"end":{"line":133,"column":91}},{"start":{"line":133,"column":91},"end":{"line":133,"column":91}}]},"21":{"line":142,"type":"if","locations":[{"start":{"line":142,"column":41},"end":{"line":142,"column":41}},{"start":{"line":142,"column":41},"end":{"line":142,"column":41}}]},"22":{"line":142,"type":"if","locations":[{"start":{"line":142,"column":65},"end":{"line":142,"column":65}},{"start":{"line":142,"column":65},"end":{"line":142,"column":65}}]},"23":{"line":142,"type":"if","locations":[{"start":{"line":142,"column":95},"end":{"line":142,"column":95}},{"start":{"line":142,"column":95},"end":{"line":142,"column":95}}]},"24":{"line":143,"type":"if","locations":[{"start":{"line":143,"column":2},"end":{"line":143,"column":2}},{"start":{"line":143,"column":2},"end":{"line":143,"column":2}}]},"25":{"line":146,"type":"if","locations":[{"start":{"line":146,"column":3},"end":{"line":146,"column":3}},{"start":{"line":146,"column":3},"end":{"line":146,"column":3}}]},"26":{"line":160,"type":"if","locations":[{"start":{"line":160,"column":3},"end":{"line":160,"column":3}},{"start":{"line":160,"column":3},"end":{"line":160,"column":3}}]},"27":{"line":162,"type":"if","locations":[{"start":{"line":162,"column":3},"end":{"line":162,"column":3}},{"start":{"line":162,"column":3},"end":{"line":162,"column":3}}]},"28":{"line":192,"type":"if","locations":[{"start":{"line":192,"column":3},"end":{"line":192,"column":3}},{"start":{"line":192,"column":3},"end":{"line":192,"column":3}}]},"29":{"line":200,"type":"if","locations":[{"start":{"line":200,"column":3},"end":{"line":200,"column":3}},{"start":{"line":200,"column":3},"end":{"line":200,"column":3}}]},"30":{"line":200,"type":"cond-expr","locations":[{"start":{"line":200,"column":7},"end":{"line":200,"column":34}},{"start":{"line":201,"column":7},"end":{"line":201,"column":34}}]},"31":{"line":216,"type":"if","locations":[{"start":{"line":216,"column":3},"end":{"line":216,"column":3}},{"start":{"line":216,"column":3},"end":{"line":216,"column":3}}]},"32":{"line":234,"type":"if","locations":[{"start":{"line":234,"column":2},"end":{"line":234,"column":2}},{"start":{"line":234,"column":2},"end":{"line":234,"column":2}}]},"33":{"line":237,"type":"if","locations":[{"start":{"line":237,"column":2},"end":{"line":237,"column":2}},{"start":{"line":237,"column":2},"end":{"line":237,"column":2}}]},"34":{"line":245,"type":"if","locations":[{"start":{"line":245,"column":3},"end":{"line":245,"column":3}},{"start":{"line":245,"column":3},"end":{"line":245,"column":3}}]},"35":{"line":245,"type":"cond-expr","locations":[{"start":{"line":245,"column":7},"end":{"line":245,"column":34}},{"start":{"line":246,"column":7},"end":{"line":246,"column":34}}]}}}}