TN:
SF:/Users/killiangodfrey/Documents/Dev/projects/multisigwallet/hardhat/contracts/MultiSig.sol
FN:33,onlyWallet
FN:38,ownerExists
FN:43,txnExists
FN:48,txnNotExists
FN:53,confirmed
FN:58,notConfirmed
FN:63,notExecuted
FN:68,notNull
FN:73,validRequirement
FN:88,constructor
FN:102,submitTxn
FN:109,addTxn
FN:123,confirmTxn
FN:133,revokeConfirmation
FN:142,executeTxn
FN:157,isConfirmed
FN:182,getOwners
FN:189,getConfirmationCount
FN:198,getTransactionCount
FN:210,getConfirmations
FN:233,getTransactionIds
FNF:21
FNH:4
FNDA:0,onlyWallet
FNDA:4,ownerExists
FNDA:0,txnExists
FNDA:0,txnNotExists
FNDA:0,confirmed
FNDA:0,notConfirmed
FNDA:0,notExecuted
FNDA:0,notNull
FNDA:7,validRequirement
FNDA:4,constructor
FNDA:0,submitTxn
FNDA:0,addTxn
FNDA:0,confirmTxn
FNDA:0,revokeConfirmation
FNDA:0,executeTxn
FNDA:0,isConfirmed
FNDA:1,getOwners
FNDA:0,getConfirmationCount
FNDA:0,getTransactionCount
FNDA:0,getConfirmations
FNDA:0,getTransactionIds
DA:34,0
DA:35,0
DA:39,4
DA:40,0
DA:44,0
DA:45,0
DA:49,0
DA:50,0
DA:54,0
DA:55,0
DA:59,0
DA:60,0
DA:64,0
DA:65,0
DA:69,0
DA:70,0
DA:74,7
DA:78,4
DA:83,0
DA:84,0
DA:89,4
DA:90,9
DA:92,9
DA:93,8
DA:94,7
DA:96,2
DA:97,2
DA:98,2
DA:104,0
DA:105,0
DA:110,0
DA:111,0
DA:118,0
DA:119,0
DA:124,0
DA:125,0
DA:126,0
DA:128,0
DA:129,0
DA:134,0
DA:135,0
DA:136,0
DA:138,0
DA:143,0
DA:144,0
DA:145,0
DA:146,0
DA:147,0
DA:148,0
DA:150,0
DA:151,0
DA:158,0
DA:159,0
DA:160,0
DA:161,0
DA:162,0
DA:163,0
DA:165,0
DA:183,1
DA:190,0
DA:191,0
DA:192,0
DA:193,0
DA:199,0
DA:200,0
DA:202,0
DA:204,0
DA:211,0
DA:212,0
DA:213,0
DA:215,0
DA:216,0
DA:217,0
DA:218,0
DA:221,0
DA:223,0
DA:224,0
DA:234,0
DA:237,0
DA:238,0
DA:240,0
DA:241,0
DA:242,0
DA:244,0
DA:245,0
DA:247,0
DA:248,0
DA:251,0
DA:253,0
DA:254,0
LF:90
LH:12
BRDA:34,1,0,0
BRDA:34,1,1,0
BRDA:39,2,0,0
BRDA:39,2,1,4
BRDA:44,3,0,0
BRDA:44,3,1,0
BRDA:49,4,0,0
BRDA:49,4,1,0
BRDA:54,5,0,0
BRDA:54,5,1,0
BRDA:59,6,0,0
BRDA:59,6,1,0
BRDA:64,7,0,0
BRDA:64,7,1,0
BRDA:69,8,0,0
BRDA:69,8,1,0
BRDA:74,9,0,4
BRDA:74,9,1,3
BRDA:83,10,0,0
BRDA:83,10,1,0
BRDA:92,11,0,8
BRDA:92,11,1,1
BRDA:93,12,0,7
BRDA:93,12,1,1
BRDA:102,13,0,0
BRDA:102,13,1,1
BRDA:109,14,0,0
BRDA:109,14,1,0
BRDA:123,15,0,0
BRDA:123,15,1,1
BRDA:123,16,0,0
BRDA:123,16,1,0
BRDA:123,17,0,0
BRDA:123,17,1,0
BRDA:133,18,0,0
BRDA:133,18,1,1
BRDA:133,19,0,0
BRDA:133,19,1,0
BRDA:133,20,0,0
BRDA:133,20,1,0
BRDA:142,21,0,0
BRDA:142,21,1,1
BRDA:142,22,0,0
BRDA:142,22,1,0
BRDA:142,23,0,0
BRDA:142,23,1,0
BRDA:143,24,0,0
BRDA:143,24,1,0
BRDA:146,25,0,0
BRDA:146,25,1,0
BRDA:160,26,0,0
BRDA:160,26,1,0
BRDA:162,27,0,0
BRDA:162,27,1,0
BRDA:192,28,0,0
BRDA:192,28,1,0
BRDA:200,29,0,0
BRDA:200,29,1,0
BRDA:200,30,0,0
BRDA:200,30,1,0
BRDA:216,31,0,0
BRDA:216,31,1,0
BRDA:234,32,0,0
BRDA:234,32,1,0
BRDA:237,33,0,0
BRDA:237,33,1,0
BRDA:245,34,0,0
BRDA:245,34,1,0
BRDA:245,35,0,0
BRDA:245,35,1,0
BRF:70
BRH:11
end_of_record
